Starting Tracer ...


ConfigurationContainer: saving configuration to data/corpora/1_2_vulgata_francorum/1_2_vulgata_francorum.txt.conf
Using FRAMEWORK_IMPL=eu.etrap.tracer.DefaultFrameWorkImpl
ORIGINAL_CORPUS=data/corpora/1_2_vulgata_francorum/1_2_vulgata_francorum.txt
Inverted positional list data/corpora/1_2_vulgata_francorum/1_2_vulgata_francorum.txt.inv is already computed.


String similarity file data/corpora/1_2_vulgata_francorum/1_2_vulgata_francorum.txt.ssim is already computed.


Character distribution file data/corpora/1_2_vulgata_francorum/1_2_vulgata_francorum.txt.tok.dist.char is already computed.

Creating a set of letter n-grams ...
Character distribution file data/corpora/1_2_vulgata_francorum/1_2_vulgata_francorum.txt.tok.dist.letter.02gram is already computed.
Character distribution file data/corpora/1_2_vulgata_francorum/1_2_vulgata_francorum.txt.tok.dist.letter.03gram is already computed.
Character distribution file data/corpora/1_2_vulgata_francorum/1_2_vulgata_francorum.txt.tok.dist.letter.04gram is already computed.
Character distribution file data/corpora/1_2_vulgata_francorum/1_2_vulgata_francorum.txt.tok.dist.letter.05gram is already computed.
Character distribution file data/corpora/1_2_vulgata_francorum/1_2_vulgata_francorum.txt.tok.dist.letter.06gram is already computed.
Character distribution file data/corpora/1_2_vulgata_francorum/1_2_vulgata_francorum.txt.tok.dist.letter.07gram is already computed.

Generation of letter n-grams finished.





START TO PROCESS LEVEL 1 (PRE-PROCESSING)

Using implementation eu.etrap.tracer.preprocessing.WordLevelPreprocessingImpl for preprocessing.
Starting to load mapping from word to lemma from data/corpora/1_2_vulgata_francorum/1_2_vulgata_francorum.txt.tok.base.prep ... FINISHED. Loaded 6909 datasets.
Starting to load mapping from word to synonym from data/corpora/1_2_vulgata_francorum/1_2_vulgata_francorum.txt.sim.prep ... FINISHED. Loaded 1043 datasets.
Starting to load mapping from word to string similar word from data/corpora/1_2_vulgata_francorum/1_2_vulgata_francorum.txt.ssim.prep ... FINISHED. Loaded 26636 datasets.
OUTPUT file outfile=data/corpora/1_2_vulgata_francorum/TRACER_DATA/01-02-WLP-lem_true_syn_true_ssim_true_redwo_false-ngram_5-LLR_true_toLC_true_rDia_false_w2wl_false-wlt_5/1_2_vulgata_francorum.prep already exists


Inverted positional list data/corpora/1_2_vulgata_francorum/TRACER_DATA/01-02-WLP-lem_true_syn_true_ssim_true_redwo_false-ngram_5-LLR_true_toLC_true_rDia_false_w2wl_false-wlt_5/1_2_vulgata_francorum.prep.inv is already computed.



END OF PROCESS LEVEL 1 (PRE-PROCESSING)



START TO PROCESS LEVEL 2 (TRAINING)

Using implementation eu.etrap.tracer.featuring.syntactic.shingle.BiGramShinglingTrainingImpl for training.
OUTPUT file outfile=data/corpora/1_2_vulgata_francorum/TRACER_DATA/01-02-WLP-lem_true_syn_true_ssim_true_redwo_false-ngram_5-LLR_true_toLC_true_rDia_false_w2wl_false-wlt_5/01-02-01-01-01-BiGramShinglingTrainingImpl/1_2_vulgata_francorum.train already exists

END OF PROCESS LEVEL 2 (TRAINING)



START TO PROCESS LEVEL 3 (SELECTION)

0 of 1 configured selection implementations need to be excecuted. 1 selection strategies are already pre-computed.

Creating multiple selection for ... ALREADY COMPUTED!!

END OF PROCESS LEVEL 3 (SELECTION)



START TO PROCESS LEVEL 4 (LINKING)

Using eu.etrap.tracer.linking.InterCorpusLinkingImpl implementation  for linking.
OUTPUT file is outfile=data/corpora/1_2_vulgata_francorum/TRACER_DATA/01-02-WLP-lem_true_syn_true_ssim_true_redwo_false-ngram_5-LLR_true_toLC_true_rDia_false_w2wl_false-wlt_5/01-02-01-01-01-BiGramShinglingTrainingImpl/02-02-01-01-01-LocalMaxFeatureFrequencySelectorImpl_FeatDens=0.8/02-01-01-01-01-1_2_vulgata_francorum-01-01-01-02-1_2_vulgata_francorum/1_2_vulgata_francorum-1_2_vulgata_francorum.link ... 
 	ALREADY EXISTENT!!!

END OF PROCESS LEVEL 4 (LINKING)



START TO PROCESS LEVEL 5 (SCORING)

Using eu.etrap.tracer.scoring.feature.selected.asymmetric.SelectedFeatureContainmentSimilarityImpl implementation  for scoring.
OUTPUT file is outfile=data/corpora/1_2_vulgata_francorum/TRACER_DATA/01-02-WLP-lem_true_syn_true_ssim_true_redwo_false-ngram_5-LLR_true_toLC_true_rDia_false_w2wl_false-wlt_5/01-02-01-01-01-BiGramShinglingTrainingImpl/02-02-01-01-01-LocalMaxFeatureFrequencySelectorImpl_FeatDens=0.8/02-01-01-01-01-1_2_vulgata_francorum-01-01-01-02-1_2_vulgata_francorum/02-02-02-01-01-01-SelectedFeatureContainmentSimilarityImpl_Threshold=0.0/1_2_vulgata_francorum-1_2_vulgata_francorum.score ... 
	Preparing data from data/corpora/1_2_vulgata_francorum/TRACER_DATA/01-02-WLP-lem_true_syn_true_ssim_true_redwo_false-ngram_5-LLR_true_toLC_true_rDia_false_w2wl_false-wlt_5/01-02-01-01-01-BiGramShinglingTrainingImpl/02-02-01-01-01-LocalMaxFeatureFrequencySelectorImpl_FeatDens=0.8/1_2_vulgata_francorum.sel ...
	Scoring data 
		FROM data/corpora/1_2_vulgata_francorum/TRACER_DATA/01-02-WLP-lem_true_syn_true_ssim_true_redwo_false-ngram_5-LLR_true_toLC_true_rDia_false_w2wl_false-wlt_5/01-02-01-01-01-BiGramShinglingTrainingImpl/02-02-01-01-01-LocalMaxFeatureFrequencySelectorImpl_FeatDens=0.8/02-01-01-01-01-1_2_vulgata_francorum-01-01-01-02-1_2_vulgata_francorum/1_2_vulgata_francorum-1_2_vulgata_francorum.link ...
		TO data/corpora/1_2_vulgata_francorum/TRACER_DATA/01-02-WLP-lem_true_syn_true_ssim_true_redwo_false-ngram_5-LLR_true_toLC_true_rDia_false_w2wl_false-wlt_5/01-02-01-01-01-BiGramShinglingTrainingImpl/02-02-01-01-01-LocalMaxFeatureFrequencySelectorImpl_FeatDens=0.8/02-01-01-01-01-1_2_vulgata_francorum-01-01-01-02-1_2_vulgata_francorum/02-02-02-01-01-01-SelectedFeatureContainmentSimilarityImpl_Threshold=0.0/1_2_vulgata_francorum-1_2_vulgata_francorum.score ...

	DONE!!

END OF PROCESS LEVEL 5 (SCORING)



START TO PROCESS LEVEL 6 (POSTPROCESING)

Using eu.etrap.tracer.postprocessing.traviz.TraVizPostprocessingImpl implementation  for postprocessing.
OUTPUT file is outfile=data/corpora/1_2_vulgata_francorum/TRACER_DATA/01-02-WLP-lem_true_syn_true_ssim_true_redwo_false-ngram_5-LLR_true_toLC_true_rDia_false_w2wl_false-wlt_5/01-02-01-01-01-BiGramShinglingTrainingImpl/02-02-01-01-01-LocalMaxFeatureFrequencySelectorImpl_FeatDens=0.8/02-01-01-01-01-1_2_vulgata_francorum-01-01-01-02-1_2_vulgata_francorum/02-02-02-01-01-01-SelectedFeatureContainmentSimilarityImpl_Threshold=0.0/001-TraVizPostprocessingImpl-mode=1_minfrequency=2/1_2_vulgata_francorum-1_2_vulgata_francorum.pproc ... 
Corpus file name         : data/corpora/1_2_vulgata_francorum/1_2_vulgata_francorum.txt
TRACER's score file name : data/corpora/1_2_vulgata_francorum/TRACER_DATA/01-02-WLP-lem_true_syn_true_ssim_true_redwo_false-ngram_5-LLR_true_toLC_true_rDia_false_w2wl_false-wlt_5/01-02-01-01-01-BiGramShinglingTrainingImpl/02-02-01-01-01-LocalMaxFeatureFrequencySelectorImpl_FeatDens=0.8/02-01-01-01-01-1_2_vulgata_francorum-01-01-01-02-1_2_vulgata_francorum/02-02-02-01-01-01-SelectedFeatureContainmentSimilarityImpl_Threshold=0.0/1_2_vulgata_francorum-1_2_vulgata_francorum.score
TRV mode                 : 1
Minimum frequency        : 2
	DONE!!

END OF PROCESS LEVEL 6 (POSTPROCESSING)



